In file included from test_final.cpp:1:0:
../single_include/nlohmann/json.hpp: In static member function 'static bool nlohmann::json_abi_v3_12_0::basic_json<ObjectType, ArrayType, StringType, BooleanType, NumberIntegerType, NumberUnsignedType, NumberFloatType, AllocatorType, JSONSerializer, BinaryType, CustomBaseClass>::sax_parse(InputType&&, SAX*, nlohmann::json_abi_v3_12_0::basic_json<ObjectType, ArrayType, StringType, BooleanType, NumberIntegerType, NumberUnsignedType, NumberFloatType, AllocatorType, JSONSerializer, BinaryType, CustomBaseClass>::input_format_t, bool, bool, bool)':
../single_include/nlohmann/json.hpp:24367:32: warning: unknown option after '#pragma GCC diagnostic' kind [-Wpragmas]
 #pragma GCC diagnostic ignored "-Wnonnull-compare"
                                ^
../single_include/nlohmann/json.hpp: In static member function 'static bool nlohmann::json_abi_v3_12_0::basic_json<ObjectType, ArrayType, StringType, BooleanType, NumberIntegerType, NumberUnsignedType, NumberFloatType, AllocatorType, JSONSerializer, BinaryType, CustomBaseClass>::sax_parse(IteratorType, IteratorType, SAX*, nlohmann::json_abi_v3_12_0::basic_json<ObjectType, ArrayType, StringType, BooleanType, NumberIntegerType, NumberUnsignedType, NumberFloatType, AllocatorType, JSONSerializer, BinaryType, CustomBaseClass>::input_format_t, bool, bool, bool)':
../single_include/nlohmann/json.hpp:24399:32: warning: unknown option after '#pragma GCC diagnostic' kind [-Wpragmas]
 #pragma GCC diagnostic ignored "-Wnonnull-compare"
                                ^
../single_include/nlohmann/json.hpp: In static member function 'static bool nlohmann::json_abi_v3_12_0::basic_json<ObjectType, ArrayType, StringType, BooleanType, NumberIntegerType, NumberUnsignedType, NumberFloatType, AllocatorType, JSONSerializer, BinaryType, CustomBaseClass>::sax_parse(nlohmann::json_abi_v3_12_0::detail::span_input_adapter&&, SAX*, nlohmann::json_abi_v3_12_0::basic_json<ObjectType, ArrayType, StringType, BooleanType, NumberIntegerType, NumberUnsignedType, NumberFloatType, AllocatorType, JSONSerializer, BinaryType, CustomBaseClass>::input_format_t, bool, bool, bool)':
../single_include/nlohmann/json.hpp:24435:32: warning: unknown option after '#pragma GCC diagnostic' kind [-Wpragmas]
 #pragma GCC diagnostic ignored "-Wnonnull-compare"
                                ^
	Command being timed: "g++ -std=c++11 -I../single_include -O2 test_final.cpp -o test_final"
	User time (seconds): 2.57
	System time (seconds): 0.16
	Percent of CPU this job got: 99%
	Elapsed (wall clock) time (h:mm:ss or m:ss): 0:02.73
	Average shared text size (kbytes): 0
	Average unshared data size (kbytes): 0
	Average stack size (kbytes): 0
	Average total size (kbytes): 0
	Maximum resident set size (kbytes): 265436
	Average resident set size (kbytes): 0
	Major (requiring I/O) page faults: 0
	Minor (reclaiming a frame) page faults: 79179
	Voluntary context switches: 13
	Involuntary context switches: 12
	Swaps: 0
	File system inputs: 0
	File system outputs: 2696
	Socket messages sent: 0
	Socket messages received: 0
	Signals delivered: 0
	Page size (bytes): 4096
	Exit status: 0
