In file included from test.cpp:1:0:
../single_include/nlohmann/json.hpp: In static member function 'static bool nlohmann::json_abi_v3_12_0::basic_json<ObjectType, ArrayType, StringType, BooleanType, NumberIntegerType, NumberUnsignedType, NumberFloatType, AllocatorType, JSONSerializer, BinaryType, CustomBaseClass>::sax_parse(InputType&&, SAX*, nlohmann::json_abi_v3_12_0::basic_json<ObjectType, ArrayType, StringType, BooleanType, NumberIntegerType, NumberUnsignedType, NumberFloatType, AllocatorType, JSONSerializer, BinaryType, CustomBaseClass>::input_format_t, bool, bool, bool)':
../single_include/nlohmann/json.hpp:24367:32: warning: unknown option after '#pragma GCC diagnostic' kind [-Wpragmas]
 #pragma GCC diagnostic ignored "-Wnonnull-compare"
                                ^
../single_include/nlohmann/json.hpp: In static member function 'static bool nlohmann::json_abi_v3_12_0::basic_json<ObjectType, ArrayType, StringType, BooleanType, NumberIntegerType, NumberUnsignedType, NumberFloatType, AllocatorType, JSONSerializer, BinaryType, CustomBaseClass>::sax_parse(IteratorType, IteratorType, SAX*, nlohmann::json_abi_v3_12_0::basic_json<ObjectType, ArrayType, StringType, BooleanType, NumberIntegerType, NumberUnsignedType, NumberFloatType, AllocatorType, JSONSerializer, BinaryType, CustomBaseClass>::input_format_t, bool, bool, bool)':
../single_include/nlohmann/json.hpp:24399:32: warning: unknown option after '#pragma GCC diagnostic' kind [-Wpragmas]
 #pragma GCC diagnostic ignored "-Wnonnull-compare"
                                ^
../single_include/nlohmann/json.hpp: In static member function 'static bool nlohmann::json_abi_v3_12_0::basic_json<ObjectType, ArrayType, StringType, BooleanType, NumberIntegerType, NumberUnsignedType, NumberFloatType, AllocatorType, JSONSerializer, BinaryType, CustomBaseClass>::sax_parse(nlohmann::json_abi_v3_12_0::detail::span_input_adapter&&, SAX*, nlohmann::json_abi_v3_12_0::basic_json<ObjectType, ArrayType, StringType, BooleanType, NumberIntegerType, NumberUnsignedType, NumberFloatType, AllocatorType, JSONSerializer, BinaryType, CustomBaseClass>::input_format_t, bool, bool, bool)':
../single_include/nlohmann/json.hpp:24435:32: warning: unknown option after '#pragma GCC diagnostic' kind [-Wpragmas]
 #pragma GCC diagnostic ignored "-Wnonnull-compare"
                                ^
	Command being timed: "g++ -std=c++11 -I../single_include -O2 test.cpp -o test"
	User time (seconds): 2.83
	System time (seconds): 0.23
	Percent of CPU this job got: 88%
	Elapsed (wall clock) time (h:mm:ss or m:ss): 0:03.48
	Average shared text size (kbytes): 0
	Average unshared data size (kbytes): 0
	Average stack size (kbytes): 0
	Average total size (kbytes): 0
	Maximum resident set size (kbytes): 268316
	Average resident set size (kbytes): 0
	Major (requiring I/O) page faults: 5
	Minor (reclaiming a frame) page faults: 81781
	Voluntary context switches: 179
	Involuntary context switches: 10
	Swaps: 0
	File system inputs: 38184
	File system outputs: 2680
	Socket messages sent: 0
	Socket messages received: 0
	Signals delivered: 0
	Page size (bytes): 4096
	Exit status: 0
